Running: C:\Xilinx\14.7\ISE_DS\ISE\bin\nt64\unwrapped\fuse.exe -intstyle ise -incremental -o C:/Users/Administrator/Desktop/laba2/main_test_isim_beh.exe -prj C:/Users/Administrator/Desktop/laba2/main_test_beh.prj work.main_test 
ISim P.20131013 (signature 0x7708f090)
Number of CPUs detected in this system: 4
Turning on mult-threading, number of parallel sub-compilation jobs: 8 
Determining compilation order of HDL files
Parsing VHDL file "C:/Users/Administrator/Desktop/laba2/dff.vhd" into library work
Parsing VHDL file "C:/Users/Administrator/Desktop/laba2/main.vhd" into library work
Parsing VHDL file "C:/Users/Administrator/Desktop/laba2/main_test.vhd" into library work
Starting static elaboration
Completed static elaboration
Compiling package standard
Compiling package std_logic_1164
Compiling package numeric_std
Compiling architecture behavioral of entity dff [dff_default]
Compiling architecture behavioral of entity main [main_default]
Compiling architecture behavior of entity main_test
Time Resolution for simulation is 1ps.
Waiting for 1 sub-compilation(s) to finish...
Compiled 8 VHDL Units
Built simulation executable C:/Users/Administrator/Desktop/laba2/main_test_isim_beh.exe
Fuse Memory Usage: 35184 KB
Fuse CPU Usage: 592 ms
